{"/Users/muhammadchaerulhafiz/Documents/healthcare-scheduling-system/apps/auth-service/src/app.module.ts": {"path":"/Users/muhammadchaerulhafiz/Documents/healthcare-scheduling-system/apps/auth-service/src/app.module.ts","statementMap":{"0":{"start":{"line":1,"column":0},"end":{"line":1,"column":40}},"1":{"start":{"line":2,"column":0},"end":{"line":2,"column":48}},"2":{"start":{"line":3,"column":0},"end":{"line":3,"column":66}},"3":{"start":{"line":4,"column":0},"end":{"line":4,"column":54}},"4":{"start":{"line":5,"column":0},"end":{"line":5,"column":51}},"5":{"start":{"line":6,"column":0},"end":{"line":6,"column":48}},"6":{"start":{"line":7,"column":0},"end":{"line":7,"column":28}},"7":{"start":{"line":21,"column":7},"end":{"line":21,"column":null}},"8":{"start":{"line":21,"column":13},"end":{"line":21,"column":22}},"9":{"start":{"line":21,"column":13},"end":{"line":21,"column":null}}},"fnMap":{},"branchMap":{},"s":{"0":0,"1":0,"2":0,"3":0,"4":0,"5":0,"6":0,"7":0,"8":0,"9":0},"f":{},"b":{}}
,"/Users/muhammadchaerulhafiz/Documents/healthcare-scheduling-system/apps/auth-service/src/main.ts": {"path":"/Users/muhammadchaerulhafiz/Documents/healthcare-scheduling-system/apps/auth-service/src/main.ts","statementMap":{"0":{"start":{"line":1,"column":0},"end":{"line":1,"column":43}},"1":{"start":{"line":2,"column":0},"end":{"line":2,"column":71}},"2":{"start":{"line":3,"column":0},"end":{"line":3,"column":41}},"3":{"start":{"line":6,"column":14},"end":{"line":6,"column":49}},"4":{"start":{"line":8,"column":2},"end":{"line":14,"column":5}},"5":{"start":{"line":16,"column":2},"end":{"line":16,"column":36}},"6":{"start":{"line":17,"column":2},"end":{"line":17,"column":65}},"7":{"start":{"line":19,"column":2},"end":{"line":21,"column":4}},"8":{"start":{"line":22,"column":2},"end":{"line":24,"column":4}},"9":{"start":{"line":27,"column":0},"end":{"line":27,"column":12}}},"fnMap":{"0":{"name":"bootstrap","decl":{"start":{"line":5,"column":15},"end":{"line":5,"column":24}},"loc":{"start":{"line":5,"column":24},"end":{"line":25,"column":1}}}},"branchMap":{"0":{"loc":{"start":{"line":12,"column":12},"end":{"line":12,"column":55}},"type":"binary-expr","locations":[{"start":{"line":12,"column":12},"end":{"line":12,"column":47}},{"start":{"line":12,"column":51},"end":{"line":12,"column":55}}]},"1":{"loc":{"start":{"line":17,"column":19},"end":{"line":17,"column":63}},"type":"binary-expr","locations":[{"start":{"line":17,"column":19},"end":{"line":17,"column":55}},{"start":{"line":17,"column":59},"end":{"line":17,"column":63}}]},"2":{"loc":{"start":{"line":20,"column":41},"end":{"line":20,"column":75}},"type":"binary-expr","locations":[{"start":{"line":20,"column":41},"end":{"line":20,"column":67}},{"start":{"line":20,"column":71},"end":{"line":20,"column":75}}]},"3":{"loc":{"start":{"line":23,"column":40},"end":{"line":23,"column":73}},"type":"binary-expr","locations":[{"start":{"line":23,"column":40},"end":{"line":23,"column":65}},{"start":{"line":23,"column":69},"end":{"line":23,"column":73}}]}},"s":{"0":0,"1":0,"2":0,"3":0,"4":0,"5":0,"6":0,"7":0,"8":0,"9":0},"f":{"0":0},"b":{"0":[0,0],"1":[0,0],"2":[0,0],"3":[0,0]}}
,"/Users/muhammadchaerulhafiz/Documents/healthcare-scheduling-system/apps/auth-service/src/auth/auth.controller.ts": {"path":"/Users/muhammadchaerulhafiz/Documents/healthcare-scheduling-system/apps/auth-service/src/auth/auth.controller.ts","statementMap":{"0":{"start":{"line":1,"column":0},"end":{"line":1,"column":44}},"1":{"start":{"line":2,"column":0},"end":{"line":2,"column":45}},"2":{"start":{"line":3,"column":0},"end":{"line":3,"column":64}},"3":{"start":{"line":6,"column":7},"end":{"line":13,"column":null}},"4":{"start":{"line":7,"column":31},"end":{"line":7,"column":44}},"5":{"start":{"line":11,"column":4},"end":{"line":11,"column":54}},"6":{"start":{"line":6,"column":13},"end":{"line":6,"column":27}},"7":{"start":{"line":10,"column":8},"end":{"line":12,"column":null}},"8":{"start":{"line":6,"column":13},"end":{"line":13,"column":null}}},"fnMap":{"0":{"name":"(anonymous_4)","decl":{"start":{"line":7,"column":2},"end":{"line":7,"column":31}},"loc":{"start":{"line":7,"column":55},"end":{"line":7,"column":59}}},"1":{"name":"(anonymous_5)","decl":{"start":{"line":10,"column":2},"end":{"line":10,"column":7}},"loc":{"start":{"line":10,"column":56},"end":{"line":12,"column":3}}}},"branchMap":{},"s":{"0":1,"1":1,"2":1,"3":1,"4":2,"5":2,"6":1,"7":1,"8":1},"f":{"0":2,"1":2},"b":{}}
,"/Users/muhammadchaerulhafiz/Documents/healthcare-scheduling-system/apps/auth-service/src/auth/auth.module.ts": {"path":"/Users/muhammadchaerulhafiz/Documents/healthcare-scheduling-system/apps/auth-service/src/auth/auth.module.ts","statementMap":{"0":{"start":{"line":1,"column":0},"end":{"line":1,"column":40}},"1":{"start":{"line":2,"column":0},"end":{"line":2,"column":40}},"2":{"start":{"line":3,"column":0},"end":{"line":3,"column":52}},"3":{"start":{"line":4,"column":0},"end":{"line":4,"column":47}},"4":{"start":{"line":5,"column":0},"end":{"line":5,"column":45}},"5":{"start":{"line":6,"column":0},"end":{"line":6,"column":51}},"6":{"start":{"line":19,"column":7},"end":{"line":19,"column":null}},"7":{"start":{"line":19,"column":13},"end":{"line":19,"column":23}},"8":{"start":{"line":19,"column":13},"end":{"line":19,"column":null}}},"fnMap":{},"branchMap":{"0":{"loc":{"start":{"line":12,"column":14},"end":{"line":12,"column":60}},"type":"binary-expr","locations":[{"start":{"line":12,"column":14},"end":{"line":12,"column":36}},{"start":{"line":12,"column":40},"end":{"line":12,"column":60}}]},"1":{"loc":{"start":{"line":13,"column":32},"end":{"line":13,"column":66}},"type":"binary-expr","locations":[{"start":{"line":13,"column":32},"end":{"line":13,"column":58}},{"start":{"line":13,"column":62},"end":{"line":13,"column":66}}]}},"s":{"0":0,"1":0,"2":0,"3":0,"4":0,"5":0,"6":0,"7":0,"8":0},"f":{},"b":{"0":[0,0],"1":[0,0]}}
,"/Users/muhammadchaerulhafiz/Documents/healthcare-scheduling-system/apps/auth-service/src/auth/auth.resolver.ts": {"path":"/Users/muhammadchaerulhafiz/Documents/healthcare-scheduling-system/apps/auth-service/src/auth/auth.resolver.ts","statementMap":{"0":{"start":{"line":1,"column":0},"end":{"line":1,"column":66}},"1":{"start":{"line":2,"column":0},"end":{"line":2,"column":45}},"2":{"start":{"line":3,"column":0},"end":{"line":3,"column":56}},"3":{"start":{"line":4,"column":0},"end":{"line":4,"column":53}},"4":{"start":{"line":5,"column":0},"end":{"line":5,"column":47}},"5":{"start":{"line":8,"column":7},"end":{"line":25,"column":null}},"6":{"start":{"line":9,"column":31},"end":{"line":9,"column":44}},"7":{"start":{"line":13,"column":4},"end":{"line":13,"column":37}},"8":{"start":{"line":18,"column":4},"end":{"line":18,"column":44}},"9":{"start":{"line":23,"column":4},"end":{"line":23,"column":41}},"10":{"start":{"line":8,"column":13},"end":{"line":8,"column":25}},"11":{"start":{"line":12,"column":2},"end":{"line":14,"column":null}},"12":{"start":{"line":11,"column":15},"end":{"line":11,"column":21}},"13":{"start":{"line":17,"column":8},"end":{"line":19,"column":null}},"14":{"start":{"line":16,"column":18},"end":{"line":16,"column":30}},"15":{"start":{"line":22,"column":8},"end":{"line":24,"column":null}},"16":{"start":{"line":21,"column":18},"end":{"line":21,"column":30}},"17":{"start":{"line":8,"column":13},"end":{"line":25,"column":null}}},"fnMap":{"0":{"name":"(anonymous_4)","decl":{"start":{"line":9,"column":2},"end":{"line":9,"column":31}},"loc":{"start":{"line":9,"column":55},"end":{"line":9,"column":59}}},"1":{"name":"(anonymous_5)","decl":{"start":{"line":12,"column":2},"end":{"line":12,"column":13}},"loc":{"start":{"line":12,"column":13},"end":{"line":14,"column":3}}},"2":{"name":"(anonymous_6)","decl":{"start":{"line":17,"column":2},"end":{"line":17,"column":7}},"loc":{"start":{"line":17,"column":52},"end":{"line":19,"column":3}}},"3":{"name":"(anonymous_7)","decl":{"start":{"line":22,"column":2},"end":{"line":22,"column":7}},"loc":{"start":{"line":22,"column":46},"end":{"line":24,"column":3}}},"4":{"name":"(anonymous_8)","decl":{"start":{"line":11,"column":9},"end":{"line":11,"column":12}},"loc":{"start":{"line":11,"column":15},"end":{"line":11,"column":21}}},"5":{"name":"(anonymous_9)","decl":{"start":{"line":16,"column":12},"end":{"line":16,"column":15}},"loc":{"start":{"line":16,"column":18},"end":{"line":16,"column":30}}},"6":{"name":"(anonymous_10)","decl":{"start":{"line":21,"column":12},"end":{"line":21,"column":15}},"loc":{"start":{"line":21,"column":18},"end":{"line":21,"column":30}}}},"branchMap":{},"s":{"0":1,"1":1,"2":1,"3":1,"4":1,"5":1,"6":3,"7":1,"8":1,"9":1,"10":1,"11":1,"12":0,"13":1,"14":0,"15":1,"16":0,"17":1},"f":{"0":3,"1":1,"2":1,"3":1,"4":0,"5":0,"6":0},"b":{}}
,"/Users/muhammadchaerulhafiz/Documents/healthcare-scheduling-system/apps/auth-service/src/auth/auth.service.ts": {"path":"/Users/muhammadchaerulhafiz/Documents/healthcare-scheduling-system/apps/auth-service/src/auth/auth.service.ts","statementMap":{"0":{"start":{"line":1,"column":0},"end":{"line":1,"column":null}},"1":{"start":{"line":6,"column":0},"end":{"line":6,"column":54}},"2":{"start":{"line":7,"column":0},"end":{"line":7,"column":41}},"3":{"start":{"line":9,"column":0},"end":{"line":9,"column":33}},"4":{"start":{"line":13,"column":7},"end":{"line":57,"column":null}},"5":{"start":{"line":15,"column":21},"end":{"line":15,"column":35}},"6":{"start":{"line":16,"column":21},"end":{"line":16,"column":33}},"7":{"start":{"line":20,"column":25},"end":{"line":20,"column":73}},"8":{"start":{"line":21,"column":4},"end":{"line":23,"column":5}},"9":{"start":{"line":22,"column":6},"end":{"line":22,"column":62}},"10":{"start":{"line":25,"column":27},"end":{"line":25,"column":64}},"11":{"start":{"line":26,"column":20},"end":{"line":26,"column":79}},"12":{"start":{"line":27,"column":18},"end":{"line":30,"column":6}},"13":{"start":{"line":31,"column":4},"end":{"line":31,"column":36}},"14":{"start":{"line":35,"column":17},"end":{"line":35,"column":65}},"15":{"start":{"line":36,"column":4},"end":{"line":38,"column":5}},"16":{"start":{"line":37,"column":6},"end":{"line":37,"column":61}},"17":{"start":{"line":40,"column":28},"end":{"line":40,"column":79}},"18":{"start":{"line":41,"column":4},"end":{"line":43,"column":5}},"19":{"start":{"line":42,"column":6},"end":{"line":42,"column":61}},"20":{"start":{"line":45,"column":18},"end":{"line":45,"column":75}},"21":{"start":{"line":46,"column":4},"end":{"line":46,"column":27}},"22":{"start":{"line":50,"column":4},"end":{"line":55,"column":5}},"23":{"start":{"line":51,"column":22},"end":{"line":51,"column":51}},"24":{"start":{"line":52,"column":6},"end":{"line":52,"column":50}},"25":{"start":{"line":54,"column":6},"end":{"line":54,"column":44}},"26":{"start":{"line":13,"column":13},"end":{"line":13,"column":24}},"27":{"start":{"line":13,"column":13},"end":{"line":57,"column":null}}},"fnMap":{"0":{"name":"(anonymous_2)","decl":{"start":{"line":14,"column":2},"end":{"line":14,"column":null}},"loc":{"start":{"line":16,"column":43},"end":{"line":17,"column":6}}},"1":{"name":"(anonymous_3)","decl":{"start":{"line":19,"column":2},"end":{"line":19,"column":7}},"loc":{"start":{"line":19,"column":37},"end":{"line":32,"column":3}}},"2":{"name":"(anonymous_4)","decl":{"start":{"line":34,"column":2},"end":{"line":34,"column":7}},"loc":{"start":{"line":34,"column":31},"end":{"line":47,"column":3}}},"3":{"name":"(anonymous_5)","decl":{"start":{"line":49,"column":2},"end":{"line":49,"column":7}},"loc":{"start":{"line":49,"column":35},"end":{"line":56,"column":3}}}},"branchMap":{"0":{"loc":{"start":{"line":21,"column":4},"end":{"line":23,"column":5}},"type":"if","locations":[{"start":{"line":21,"column":4},"end":{"line":23,"column":5}}]},"1":{"loc":{"start":{"line":36,"column":4},"end":{"line":38,"column":5}},"type":"if","locations":[{"start":{"line":36,"column":4},"end":{"line":38,"column":5}}]},"2":{"loc":{"start":{"line":41,"column":4},"end":{"line":43,"column":5}},"type":"if","locations":[{"start":{"line":41,"column":4},"end":{"line":43,"column":5}}]}},"s":{"0":3,"1":3,"2":3,"3":3,"4":3,"5":7,"6":7,"7":2,"8":2,"9":1,"10":1,"11":1,"12":1,"13":1,"14":3,"15":3,"16":1,"17":2,"18":2,"19":1,"20":1,"21":1,"22":2,"23":2,"24":1,"25":1,"26":3,"27":3},"f":{"0":7,"1":2,"2":3,"3":2},"b":{"0":[1],"1":[1],"2":[1]}}
,"/Users/muhammadchaerulhafiz/Documents/healthcare-scheduling-system/apps/auth-service/src/auth/dto/auth-response.type.ts": {"path":"/Users/muhammadchaerulhafiz/Documents/healthcare-scheduling-system/apps/auth-service/src/auth/dto/auth-response.type.ts","statementMap":{"0":{"start":{"line":1,"column":0},"end":{"line":1,"column":52}},"1":{"start":{"line":2,"column":0},"end":{"line":2,"column":56}},"2":{"start":{"line":5,"column":7},"end":{"line":11,"column":null}},"3":{"start":{"line":5,"column":13},"end":{"line":5,"column":25}},"4":{"start":{"line":7,"column":2},"end":{"line":7,"column":null}},"5":{"start":{"line":10,"column":2},"end":{"line":10,"column":null}},"6":{"start":{"line":9,"column":15},"end":{"line":9,"column":19}},"7":{"start":{"line":5,"column":13},"end":{"line":11,"column":null}}},"fnMap":{"0":{"name":"(anonymous_2)","decl":{"start":{"line":9,"column":9},"end":{"line":9,"column":12}},"loc":{"start":{"line":9,"column":15},"end":{"line":9,"column":19}}}},"branchMap":{},"s":{"0":1,"1":1,"2":1,"3":1,"4":1,"5":1,"6":0,"7":1},"f":{"0":0},"b":{}}
,"/Users/muhammadchaerulhafiz/Documents/healthcare-scheduling-system/apps/auth-service/src/auth/dto/login.input.ts": {"path":"/Users/muhammadchaerulhafiz/Documents/healthcare-scheduling-system/apps/auth-service/src/auth/dto/login.input.ts","statementMap":{"0":{"start":{"line":1,"column":0},"end":{"line":1,"column":51}},"1":{"start":{"line":4,"column":7},"end":{"line":10,"column":null}},"2":{"start":{"line":4,"column":13},"end":{"line":4,"column":23}},"3":{"start":{"line":6,"column":2},"end":{"line":6,"column":null}},"4":{"start":{"line":9,"column":2},"end":{"line":9,"column":null}},"5":{"start":{"line":4,"column":13},"end":{"line":10,"column":null}}},"fnMap":{},"branchMap":{},"s":{"0":1,"1":1,"2":1,"3":1,"4":1,"5":1},"f":{},"b":{}}
,"/Users/muhammadchaerulhafiz/Documents/healthcare-scheduling-system/apps/auth-service/src/auth/dto/register.input.ts": {"path":"/Users/muhammadchaerulhafiz/Documents/healthcare-scheduling-system/apps/auth-service/src/auth/dto/register.input.ts","statementMap":{"0":{"start":{"line":1,"column":0},"end":{"line":1,"column":51}},"1":{"start":{"line":4,"column":7},"end":{"line":10,"column":null}},"2":{"start":{"line":4,"column":13},"end":{"line":4,"column":26}},"3":{"start":{"line":6,"column":2},"end":{"line":6,"column":null}},"4":{"start":{"line":9,"column":2},"end":{"line":9,"column":null}},"5":{"start":{"line":4,"column":13},"end":{"line":10,"column":null}}},"fnMap":{},"branchMap":{},"s":{"0":1,"1":1,"2":1,"3":1,"4":1,"5":1},"f":{},"b":{}}
,"/Users/muhammadchaerulhafiz/Documents/healthcare-scheduling-system/apps/auth-service/src/prisma/prisma.module.ts": {"path":"/Users/muhammadchaerulhafiz/Documents/healthcare-scheduling-system/apps/auth-service/src/prisma/prisma.module.ts","statementMap":{"0":{"start":{"line":1,"column":1},"end":{"line":1,"column":49}},"1":{"start":{"line":2,"column":2},"end":{"line":2,"column":51}},"2":{"start":{"line":9,"column":9},"end":{"line":9,"column":null}},"3":{"start":{"line":9,"column":15},"end":{"line":9,"column":27}},"4":{"start":{"line":9,"column":15},"end":{"line":9,"column":null}}},"fnMap":{},"branchMap":{},"s":{"0":0,"1":0,"2":0,"3":0,"4":0},"f":{},"b":{}}
,"/Users/muhammadchaerulhafiz/Documents/healthcare-scheduling-system/apps/auth-service/src/prisma/prisma.service.ts": {"path":"/Users/muhammadchaerulhafiz/Documents/healthcare-scheduling-system/apps/auth-service/src/prisma/prisma.service.ts","statementMap":{"0":{"start":{"line":1,"column":0},"end":{"line":1,"column":58}},"1":{"start":{"line":2,"column":0},"end":{"line":2,"column":51}},"2":{"start":{"line":5,"column":7},"end":{"line":9,"column":null}},"3":{"start":{"line":7,"column":4},"end":{"line":7,"column":26}},"4":{"start":{"line":5,"column":13},"end":{"line":5,"column":26}},"5":{"start":{"line":5,"column":13},"end":{"line":9,"column":null}}},"fnMap":{"0":{"name":"(anonymous_1)","decl":{"start":{"line":6,"column":2},"end":{"line":6,"column":7}},"loc":{"start":{"line":6,"column":20},"end":{"line":8,"column":3}}}},"branchMap":{},"s":{"0":4,"1":4,"2":4,"3":0,"4":4,"5":4},"f":{"0":0},"b":{}}
,"/Users/muhammadchaerulhafiz/Documents/healthcare-scheduling-system/apps/auth-service/src/users/users.module.ts": {"path":"/Users/muhammadchaerulhafiz/Documents/healthcare-scheduling-system/apps/auth-service/src/users/users.module.ts","statementMap":{"0":{"start":{"line":1,"column":0},"end":{"line":1,"column":40}},"1":{"start":{"line":2,"column":0},"end":{"line":2,"column":47}},"2":{"start":{"line":8,"column":7},"end":{"line":8,"column":null}},"3":{"start":{"line":8,"column":13},"end":{"line":8,"column":24}},"4":{"start":{"line":8,"column":13},"end":{"line":8,"column":null}}},"fnMap":{},"branchMap":{},"s":{"0":0,"1":0,"2":0,"3":0,"4":0},"f":{},"b":{}}
,"/Users/muhammadchaerulhafiz/Documents/healthcare-scheduling-system/apps/auth-service/src/users/users.service.ts": {"path":"/Users/muhammadchaerulhafiz/Documents/healthcare-scheduling-system/apps/auth-service/src/users/users.service.ts","statementMap":{"0":{"start":{"line":1,"column":0},"end":{"line":1,"column":44}},"1":{"start":{"line":2,"column":0},"end":{"line":2,"column":57}},"2":{"start":{"line":5,"column":7},"end":{"line":20,"column":null}},"3":{"start":{"line":6,"column":31},"end":{"line":6,"column":39}},"4":{"start":{"line":9,"column":4},"end":{"line":9,"column":61}},"5":{"start":{"line":13,"column":4},"end":{"line":18,"column":7}},"6":{"start":{"line":5,"column":13},"end":{"line":5,"column":25}},"7":{"start":{"line":5,"column":13},"end":{"line":20,"column":null}}},"fnMap":{"0":{"name":"(anonymous_2)","decl":{"start":{"line":6,"column":2},"end":{"line":6,"column":31}},"loc":{"start":{"line":6,"column":52},"end":{"line":6,"column":56}}},"1":{"name":"(anonymous_3)","decl":{"start":{"line":8,"column":2},"end":{"line":8,"column":7}},"loc":{"start":{"line":8,"column":33},"end":{"line":10,"column":3}}},"2":{"name":"(anonymous_4)","decl":{"start":{"line":12,"column":2},"end":{"line":12,"column":7}},"loc":{"start":{"line":12,"column":52},"end":{"line":19,"column":3}}}},"branchMap":{},"s":{"0":4,"1":4,"2":4,"3":3,"4":2,"5":1,"6":4,"7":4},"f":{"0":3,"1":2,"2":1},"b":{}}
,"/Users/muhammadchaerulhafiz/Documents/healthcare-scheduling-system/apps/auth-service/src/users/entities/user.entity.ts": {"path":"/Users/muhammadchaerulhafiz/Documents/healthcare-scheduling-system/apps/auth-service/src/users/entities/user.entity.ts","statementMap":{"0":{"start":{"line":1,"column":0},"end":{"line":1,"column":76}},"1":{"start":{"line":4,"column":7},"end":{"line":18,"column":null}},"2":{"start":{"line":4,"column":13},"end":{"line":4,"column":17}},"3":{"start":{"line":6,"column":2},"end":{"line":6,"column":null}},"4":{"start":{"line":5,"column":15},"end":{"line":5,"column":17}},"5":{"start":{"line":9,"column":2},"end":{"line":9,"column":null}},"6":{"start":{"line":12,"column":2},"end":{"line":12,"column":null}},"7":{"start":{"line":11,"column":15},"end":{"line":11,"column":33}},"8":{"start":{"line":15,"column":2},"end":{"line":15,"column":null}},"9":{"start":{"line":14,"column":15},"end":{"line":14,"column":33}},"10":{"start":{"line":4,"column":13},"end":{"line":18,"column":null}}},"fnMap":{"0":{"name":"(anonymous_2)","decl":{"start":{"line":5,"column":9},"end":{"line":5,"column":12}},"loc":{"start":{"line":5,"column":15},"end":{"line":5,"column":17}}},"1":{"name":"(anonymous_3)","decl":{"start":{"line":11,"column":9},"end":{"line":11,"column":12}},"loc":{"start":{"line":11,"column":15},"end":{"line":11,"column":33}}},"2":{"name":"(anonymous_4)","decl":{"start":{"line":14,"column":9},"end":{"line":14,"column":12}},"loc":{"start":{"line":14,"column":15},"end":{"line":14,"column":33}}}},"branchMap":{},"s":{"0":1,"1":1,"2":1,"3":1,"4":0,"5":1,"6":1,"7":0,"8":1,"9":0,"10":1},"f":{"0":0,"1":0,"2":0},"b":{}}
,"/Users/muhammadchaerulhafiz/Documents/healthcare-scheduling-system/apps/schedule-service/src/app.module.ts": {"path":"/Users/muhammadchaerulhafiz/Documents/healthcare-scheduling-system/apps/schedule-service/src/app.module.ts","statementMap":{"0":{"start":{"line":1,"column":0},"end":{"line":1,"column":40}},"1":{"start":{"line":2,"column":0},"end":{"line":2,"column":48}},"2":{"start":{"line":3,"column":0},"end":{"line":3,"column":66}},"3":{"start":{"line":4,"column":0},"end":{"line":4,"column":54}},"4":{"start":{"line":5,"column":0},"end":{"line":5,"column":48}},"5":{"start":{"line":6,"column":0},"end":{"line":6,"column":28}},"6":{"start":{"line":7,"column":0},"end":{"line":7,"column":55}},"7":{"start":{"line":8,"column":0},"end":{"line":8,"column":62}},"8":{"start":{"line":9,"column":0},"end":{"line":9,"column":62}},"9":{"start":{"line":29,"column":7},"end":{"line":29,"column":null}},"10":{"start":{"line":29,"column":13},"end":{"line":29,"column":22}},"11":{"start":{"line":29,"column":13},"end":{"line":29,"column":null}},"12":{"start":{"line":20,"column":29},"end":{"line":20,"column":36}}},"fnMap":{"0":{"name":"(anonymous_1)","decl":{"start":{"line":20,"column":15},"end":{"line":20,"column":16}},"loc":{"start":{"line":20,"column":29},"end":{"line":20,"column":36}}}},"branchMap":{},"s":{"0":0,"1":0,"2":0,"3":0,"4":0,"5":0,"6":0,"7":0,"8":0,"9":0,"10":0,"11":0,"12":0},"f":{"0":0},"b":{}}
,"/Users/muhammadchaerulhafiz/Documents/healthcare-scheduling-system/apps/schedule-service/src/main.ts": {"path":"/Users/muhammadchaerulhafiz/Documents/healthcare-scheduling-system/apps/schedule-service/src/main.ts","statementMap":{"0":{"start":{"line":1,"column":0},"end":{"line":1,"column":43}},"1":{"start":{"line":2,"column":0},"end":{"line":2,"column":41}},"2":{"start":{"line":5,"column":14},"end":{"line":5,"column":49}},"3":{"start":{"line":6,"column":2},"end":{"line":6,"column":69}},"4":{"start":{"line":7,"column":2},"end":{"line":9,"column":4}},"5":{"start":{"line":12,"column":0},"end":{"line":12,"column":12}}},"fnMap":{"0":{"name":"bootstrap","decl":{"start":{"line":4,"column":15},"end":{"line":4,"column":24}},"loc":{"start":{"line":4,"column":24},"end":{"line":10,"column":1}}}},"branchMap":{"0":{"loc":{"start":{"line":6,"column":19},"end":{"line":6,"column":67}},"type":"binary-expr","locations":[{"start":{"line":6,"column":19},"end":{"line":6,"column":59}},{"start":{"line":6,"column":63},"end":{"line":6,"column":67}}]},"1":{"loc":{"start":{"line":8,"column":40},"end":{"line":8,"column":78}},"type":"binary-expr","locations":[{"start":{"line":8,"column":40},"end":{"line":8,"column":70}},{"start":{"line":8,"column":74},"end":{"line":8,"column":78}}]}},"s":{"0":0,"1":0,"2":0,"3":0,"4":0,"5":0},"f":{"0":0},"b":{"0":[0,0],"1":[0,0]}}
,"/Users/muhammadchaerulhafiz/Documents/healthcare-scheduling-system/apps/schedule-service/src/auth/auth.guard.ts": {"path":"/Users/muhammadchaerulhafiz/Documents/healthcare-scheduling-system/apps/schedule-service/src/auth/auth.guard.ts","statementMap":{"0":{"start":{"line":1,"column":0},"end":{"line":1,"column":null}},"1":{"start":{"line":8,"column":0},"end":{"line":8,"column":52}},"2":{"start":{"line":9,"column":0},"end":{"line":9,"column":54}},"3":{"start":{"line":10,"column":0},"end":{"line":10,"column":38}},"4":{"start":{"line":13,"column":7},"end":{"line":43,"column":null}},"5":{"start":{"line":15,"column":45},"end":{"line":15,"column":57}},"6":{"start":{"line":19,"column":16},"end":{"line":19,"column":51}},"7":{"start":{"line":20,"column":20},"end":{"line":20,"column":40}},"8":{"start":{"line":22,"column":23},"end":{"line":22,"column":55}},"9":{"start":{"line":23,"column":4},"end":{"line":25,"column":5}},"10":{"start":{"line":24,"column":6},"end":{"line":24,"column":65}},"11":{"start":{"line":27,"column":18},"end":{"line":27,"column":51}},"12":{"start":{"line":28,"column":4},"end":{"line":30,"column":5}},"13":{"start":{"line":29,"column":6},"end":{"line":29,"column":59}},"14":{"start":{"line":32,"column":19},"end":{"line":33,"column":null}},"15":{"start":{"line":36,"column":4},"end":{"line":38,"column":5}},"16":{"start":{"line":37,"column":6},"end":{"line":37,"column":66}},"17":{"start":{"line":40,"column":4},"end":{"line":40,"column":35}},"18":{"start":{"line":41,"column":4},"end":{"line":41,"column":16}},"19":{"start":{"line":13,"column":13},"end":{"line":13,"column":22}},"20":{"start":{"line":13,"column":13},"end":{"line":43,"column":null}}},"fnMap":{"0":{"name":"(anonymous_4)","decl":{"start":{"line":14,"column":2},"end":{"line":14,"column":null}},"loc":{"start":{"line":15,"column":68},"end":{"line":16,"column":6}}},"1":{"name":"(anonymous_5)","decl":{"start":{"line":18,"column":2},"end":{"line":18,"column":7}},"loc":{"start":{"line":18,"column":45},"end":{"line":42,"column":3}}}},"branchMap":{"0":{"loc":{"start":{"line":23,"column":4},"end":{"line":25,"column":5}},"type":"if","locations":[{"start":{"line":23,"column":4},"end":{"line":25,"column":5}}]},"1":{"loc":{"start":{"line":28,"column":4},"end":{"line":30,"column":5}},"type":"if","locations":[{"start":{"line":28,"column":4},"end":{"line":30,"column":5}}]},"2":{"loc":{"start":{"line":36,"column":4},"end":{"line":38,"column":5}},"type":"if","locations":[{"start":{"line":36,"column":4},"end":{"line":38,"column":5}}]}},"s":{"0":4,"1":4,"2":4,"3":4,"4":4,"5":4,"6":4,"7":4,"8":4,"9":4,"10":1,"11":3,"12":3,"13":1,"14":2,"15":2,"16":1,"17":1,"18":1,"19":4,"20":4},"f":{"0":4,"1":4},"b":{"0":[1],"1":[1],"2":[1]}}
,"/Users/muhammadchaerulhafiz/Documents/healthcare-scheduling-system/apps/schedule-service/src/auth/auth.module.ts": {"path":"/Users/muhammadchaerulhafiz/Documents/healthcare-scheduling-system/apps/schedule-service/src/auth/auth.module.ts","statementMap":{"0":{"start":{"line":1,"column":0},"end":{"line":1,"column":40}},"1":{"start":{"line":2,"column":0},"end":{"line":2,"column":65}},"2":{"start":{"line":3,"column":0},"end":{"line":3,"column":41}},"3":{"start":{"line":21,"column":7},"end":{"line":21,"column":null}},"4":{"start":{"line":21,"column":13},"end":{"line":21,"column":23}},"5":{"start":{"line":21,"column":13},"end":{"line":21,"column":null}}},"fnMap":{},"branchMap":{"0":{"loc":{"start":{"line":12,"column":16},"end":{"line":12,"column":60}},"type":"binary-expr","locations":[{"start":{"line":12,"column":16},"end":{"line":12,"column":45}},{"start":{"line":12,"column":49},"end":{"line":12,"column":60}}]},"1":{"loc":{"start":{"line":13,"column":16},"end":{"line":13,"column":59}},"type":"binary-expr","locations":[{"start":{"line":13,"column":16},"end":{"line":13,"column":51}},{"start":{"line":13,"column":55},"end":{"line":13,"column":59}}]}},"s":{"0":0,"1":0,"2":0,"3":0,"4":0,"5":0},"f":{},"b":{"0":[0,0],"1":[0,0]}}
,"/Users/muhammadchaerulhafiz/Documents/healthcare-scheduling-system/apps/schedule-service/src/common/dto/paginated-customers.type.ts": {"path":"/Users/muhammadchaerulhafiz/Documents/healthcare-scheduling-system/apps/schedule-service/src/common/dto/paginated-customers.type.ts","statementMap":{"0":{"start":{"line":1,"column":0},"end":{"line":1,"column":57}},"1":{"start":{"line":2,"column":0},"end":{"line":2,"column":61}},"2":{"start":{"line":5,"column":7},"end":{"line":11,"column":null}},"3":{"start":{"line":5,"column":13},"end":{"line":5,"column":31}},"4":{"start":{"line":7,"column":2},"end":{"line":7,"column":null}},"5":{"start":{"line":6,"column":15},"end":{"line":6,"column":25}},"6":{"start":{"line":10,"column":2},"end":{"line":10,"column":null}},"7":{"start":{"line":9,"column":15},"end":{"line":9,"column":18}},"8":{"start":{"line":5,"column":13},"end":{"line":11,"column":null}}},"fnMap":{"0":{"name":"(anonymous_2)","decl":{"start":{"line":6,"column":9},"end":{"line":6,"column":12}},"loc":{"start":{"line":6,"column":15},"end":{"line":6,"column":25}}},"1":{"name":"(anonymous_3)","decl":{"start":{"line":9,"column":9},"end":{"line":9,"column":12}},"loc":{"start":{"line":9,"column":15},"end":{"line":9,"column":18}}}},"branchMap":{},"s":{"0":1,"1":1,"2":1,"3":1,"4":1,"5":0,"6":1,"7":0,"8":1},"f":{"0":0,"1":0},"b":{}}
,"/Users/muhammadchaerulhafiz/Documents/healthcare-scheduling-system/apps/schedule-service/src/common/dto/paginated-doctors.type.ts": {"path":"/Users/muhammadchaerulhafiz/Documents/healthcare-scheduling-system/apps/schedule-service/src/common/dto/paginated-doctors.type.ts","statementMap":{"0":{"start":{"line":1,"column":0},"end":{"line":1,"column":57}},"1":{"start":{"line":2,"column":0},"end":{"line":2,"column":55}},"2":{"start":{"line":5,"column":7},"end":{"line":11,"column":null}},"3":{"start":{"line":5,"column":13},"end":{"line":5,"column":29}},"4":{"start":{"line":7,"column":2},"end":{"line":7,"column":null}},"5":{"start":{"line":6,"column":15},"end":{"line":6,"column":23}},"6":{"start":{"line":10,"column":2},"end":{"line":10,"column":null}},"7":{"start":{"line":9,"column":15},"end":{"line":9,"column":18}},"8":{"start":{"line":5,"column":13},"end":{"line":11,"column":null}}},"fnMap":{"0":{"name":"(anonymous_2)","decl":{"start":{"line":6,"column":9},"end":{"line":6,"column":12}},"loc":{"start":{"line":6,"column":15},"end":{"line":6,"column":23}}},"1":{"name":"(anonymous_3)","decl":{"start":{"line":9,"column":9},"end":{"line":9,"column":12}},"loc":{"start":{"line":9,"column":15},"end":{"line":9,"column":18}}}},"branchMap":{},"s":{"0":1,"1":1,"2":1,"3":1,"4":1,"5":0,"6":1,"7":0,"8":1},"f":{"0":0,"1":0},"b":{}}
,"/Users/muhammadchaerulhafiz/Documents/healthcare-scheduling-system/apps/schedule-service/src/common/dto/paginated-schedules.type.ts": {"path":"/Users/muhammadchaerulhafiz/Documents/healthcare-scheduling-system/apps/schedule-service/src/common/dto/paginated-schedules.type.ts","statementMap":{"0":{"start":{"line":1,"column":0},"end":{"line":1,"column":57}},"1":{"start":{"line":2,"column":0},"end":{"line":2,"column":61}},"2":{"start":{"line":5,"column":7},"end":{"line":11,"column":null}},"3":{"start":{"line":5,"column":13},"end":{"line":5,"column":31}},"4":{"start":{"line":7,"column":2},"end":{"line":7,"column":null}},"5":{"start":{"line":6,"column":15},"end":{"line":6,"column":25}},"6":{"start":{"line":10,"column":2},"end":{"line":10,"column":null}},"7":{"start":{"line":9,"column":15},"end":{"line":9,"column":18}},"8":{"start":{"line":5,"column":13},"end":{"line":11,"column":null}}},"fnMap":{"0":{"name":"(anonymous_2)","decl":{"start":{"line":6,"column":9},"end":{"line":6,"column":12}},"loc":{"start":{"line":6,"column":15},"end":{"line":6,"column":25}}},"1":{"name":"(anonymous_3)","decl":{"start":{"line":9,"column":9},"end":{"line":9,"column":12}},"loc":{"start":{"line":9,"column":15},"end":{"line":9,"column":18}}}},"branchMap":{},"s":{"0":1,"1":1,"2":1,"3":1,"4":1,"5":0,"6":1,"7":0,"8":1},"f":{"0":0,"1":0},"b":{}}
,"/Users/muhammadchaerulhafiz/Documents/healthcare-scheduling-system/apps/schedule-service/src/common/dto/pagination.input.ts": {"path":"/Users/muhammadchaerulhafiz/Documents/healthcare-scheduling-system/apps/schedule-service/src/common/dto/pagination.input.ts","statementMap":{"0":{"start":{"line":1,"column":0},"end":{"line":1,"column":56}},"1":{"start":{"line":4,"column":7},"end":{"line":10,"column":null}},"2":{"start":{"line":4,"column":13},"end":{"line":4,"column":28}},"3":{"start":{"line":6,"column":2},"end":{"line":6,"column":null}},"4":{"start":{"line":5,"column":15},"end":{"line":5,"column":18}},"5":{"start":{"line":9,"column":2},"end":{"line":9,"column":null}},"6":{"start":{"line":8,"column":15},"end":{"line":8,"column":18}},"7":{"start":{"line":4,"column":13},"end":{"line":10,"column":null}}},"fnMap":{"0":{"name":"(anonymous_2)","decl":{"start":{"line":5,"column":9},"end":{"line":5,"column":12}},"loc":{"start":{"line":5,"column":15},"end":{"line":5,"column":18}}},"1":{"name":"(anonymous_3)","decl":{"start":{"line":8,"column":9},"end":{"line":8,"column":12}},"loc":{"start":{"line":8,"column":15},"end":{"line":8,"column":18}}}},"branchMap":{},"s":{"0":3,"1":3,"2":3,"3":3,"4":0,"5":3,"6":0,"7":3},"f":{"0":0,"1":0},"b":{}}
,"/Users/muhammadchaerulhafiz/Documents/healthcare-scheduling-system/apps/schedule-service/src/customers/customer.module.ts": {"path":"/Users/muhammadchaerulhafiz/Documents/healthcare-scheduling-system/apps/schedule-service/src/customers/customer.module.ts","statementMap":{"0":{"start":{"line":1,"column":0},"end":{"line":1,"column":40}},"1":{"start":{"line":2,"column":0},"end":{"line":2,"column":53}},"2":{"start":{"line":3,"column":0},"end":{"line":3,"column":56}},"3":{"start":{"line":4,"column":0},"end":{"line":4,"column":49}},"4":{"start":{"line":11,"column":7},"end":{"line":11,"column":null}},"5":{"start":{"line":11,"column":13},"end":{"line":11,"column":28}},"6":{"start":{"line":11,"column":13},"end":{"line":11,"column":null}}},"fnMap":{},"branchMap":{},"s":{"0":0,"1":0,"2":0,"3":0,"4":0,"5":0,"6":0},"f":{},"b":{}}
,"/Users/muhammadchaerulhafiz/Documents/healthcare-scheduling-system/apps/schedule-service/src/customers/customer.resolver.ts": {"path":"/Users/muhammadchaerulhafiz/Documents/healthcare-scheduling-system/apps/schedule-service/src/customers/customer.resolver.ts","statementMap":{"0":{"start":{"line":1,"column":0},"end":{"line":1,"column":70}},"1":{"start":{"line":2,"column":0},"end":{"line":2,"column":43}},"2":{"start":{"line":3,"column":0},"end":{"line":3,"column":47}},"3":{"start":{"line":4,"column":0},"end":{"line":4,"column":66}},"4":{"start":{"line":5,"column":0},"end":{"line":5,"column":66}},"5":{"start":{"line":6,"column":0},"end":{"line":6,"column":53}},"6":{"start":{"line":7,"column":0},"end":{"line":7,"column":70}},"7":{"start":{"line":8,"column":0},"end":{"line":8,"column":65}},"8":{"start":{"line":9,"column":0},"end":{"line":9,"column":76}},"9":{"start":{"line":13,"column":7},"end":{"line":51,"column":null}},"10":{"start":{"line":14,"column":31},"end":{"line":14,"column":48}},"11":{"start":{"line":20,"column":4},"end":{"line":20,"column":76}},"12":{"start":{"line":27,"column":4},"end":{"line":27,"column":44}},"13":{"start":{"line":34,"column":4},"end":{"line":34,"column":46}},"14":{"start":{"line":42,"column":4},"end":{"line":42,"column":50}},"15":{"start":{"line":49,"column":4},"end":{"line":49,"column":43}},"16":{"start":{"line":13,"column":13},"end":{"line":13,"column":30}},"17":{"start":{"line":17,"column":8},"end":{"line":21,"column":null}},"18":{"start":{"line":16,"column":15},"end":{"line":16,"column":33}},"19":{"start":{"line":24,"column":8},"end":{"line":28,"column":null}},"20":{"start":{"line":23,"column":15},"end":{"line":23,"column":23}},"21":{"start":{"line":25,"column":30},"end":{"line":25,"column":32}},"22":{"start":{"line":31,"column":8},"end":{"line":35,"column":null}},"23":{"start":{"line":30,"column":18},"end":{"line":30,"column":26}},"24":{"start":{"line":38,"column":8},"end":{"line":43,"column":null}},"25":{"start":{"line":37,"column":18},"end":{"line":37,"column":26}},"26":{"start":{"line":39,"column":30},"end":{"line":39,"column":32}},"27":{"start":{"line":46,"column":8},"end":{"line":50,"column":null}},"28":{"start":{"line":45,"column":18},"end":{"line":45,"column":25}},"29":{"start":{"line":47,"column":30},"end":{"line":47,"column":32}},"30":{"start":{"line":13,"column":13},"end":{"line":51,"column":null}},"31":{"start":{"line":11,"column":16},"end":{"line":11,"column":24}}},"fnMap":{"0":{"name":"(anonymous_4)","decl":{"start":{"line":14,"column":2},"end":{"line":14,"column":31}},"loc":{"start":{"line":14,"column":63},"end":{"line":14,"column":67}}},"1":{"name":"(anonymous_5)","decl":{"start":{"line":17,"column":2},"end":{"line":17,"column":7}},"loc":{"start":{"line":18,"column":72},"end":{"line":21,"column":3}}},"2":{"name":"(anonymous_6)","decl":{"start":{"line":24,"column":2},"end":{"line":24,"column":7}},"loc":{"start":{"line":25,"column":46},"end":{"line":28,"column":3}}},"3":{"name":"(anonymous_7)","decl":{"start":{"line":31,"column":2},"end":{"line":31,"column":7}},"loc":{"start":{"line":32,"column":45},"end":{"line":35,"column":3}}},"4":{"name":"(anonymous_8)","decl":{"start":{"line":38,"column":2},"end":{"line":38,"column":7}},"loc":{"start":{"line":40,"column":45},"end":{"line":43,"column":3}}},"5":{"name":"(anonymous_9)","decl":{"start":{"line":46,"column":2},"end":{"line":46,"column":7}},"loc":{"start":{"line":47,"column":46},"end":{"line":50,"column":3}}},"6":{"name":"(anonymous_10)","decl":{"start":{"line":16,"column":9},"end":{"line":16,"column":12}},"loc":{"start":{"line":16,"column":15},"end":{"line":16,"column":33}}},"7":{"name":"(anonymous_11)","decl":{"start":{"line":23,"column":9},"end":{"line":23,"column":12}},"loc":{"start":{"line":23,"column":15},"end":{"line":23,"column":23}}},"8":{"name":"(anonymous_12)","decl":{"start":{"line":25,"column":24},"end":{"line":25,"column":27}},"loc":{"start":{"line":25,"column":30},"end":{"line":25,"column":32}}},"9":{"name":"(anonymous_13)","decl":{"start":{"line":30,"column":12},"end":{"line":30,"column":15}},"loc":{"start":{"line":30,"column":18},"end":{"line":30,"column":26}}},"10":{"name":"(anonymous_14)","decl":{"start":{"line":37,"column":12},"end":{"line":37,"column":15}},"loc":{"start":{"line":37,"column":18},"end":{"line":37,"column":26}}},"11":{"name":"(anonymous_15)","decl":{"start":{"line":39,"column":24},"end":{"line":39,"column":27}},"loc":{"start":{"line":39,"column":30},"end":{"line":39,"column":32}}},"12":{"name":"(anonymous_16)","decl":{"start":{"line":45,"column":12},"end":{"line":45,"column":15}},"loc":{"start":{"line":45,"column":18},"end":{"line":45,"column":25}}},"13":{"name":"(anonymous_17)","decl":{"start":{"line":47,"column":24},"end":{"line":47,"column":27}},"loc":{"start":{"line":47,"column":30},"end":{"line":47,"column":32}}},"14":{"name":"(anonymous_18)","decl":{"start":{"line":11,"column":10},"end":{"line":11,"column":13}},"loc":{"start":{"line":11,"column":16},"end":{"line":11,"column":24}}}},"branchMap":{},"s":{"0":1,"1":1,"2":1,"3":1,"4":1,"5":1,"6":1,"7":1,"8":1,"9":1,"10":6,"11":2,"12":1,"13":1,"14":1,"15":1,"16":1,"17":1,"18":0,"19":1,"20":0,"21":0,"22":1,"23":0,"24":1,"25":0,"26":0,"27":1,"28":0,"29":0,"30":1,"31":2},"f":{"0":6,"1":2,"2":1,"3":1,"4":1,"5":1,"6":0,"7":0,"8":0,"9":0,"10":0,"11":0,"12":0,"13":0,"14":2},"b":{}}
,"/Users/muhammadchaerulhafiz/Documents/healthcare-scheduling-system/apps/schedule-service/src/customers/customer.service.ts": {"path":"/Users/muhammadchaerulhafiz/Documents/healthcare-scheduling-system/apps/schedule-service/src/customers/customer.service.ts","statementMap":{"0":{"start":{"line":1,"column":0},"end":{"line":1,"column":null}},"1":{"start":{"line":6,"column":0},"end":{"line":6,"column":57}},"2":{"start":{"line":11,"column":7},"end":{"line":55,"column":null}},"3":{"start":{"line":12,"column":31},"end":{"line":12,"column":39}},"4":{"start":{"line":15,"column":26},"end":{"line":18,"column":6}},"5":{"start":{"line":19,"column":4},"end":{"line":19,"column":27}},"6":{"start":{"line":23,"column":21},"end":{"line":25,"column":6}},"7":{"start":{"line":26,"column":4},"end":{"line":26,"column":75}},"8":{"start":{"line":26,"column":19},"end":{"line":26,"column":75}},"9":{"start":{"line":27,"column":4},"end":{"line":27,"column":20}},"10":{"start":{"line":31,"column":21},"end":{"line":33,"column":6}},"11":{"start":{"line":34,"column":4},"end":{"line":38,"column":5}},"12":{"start":{"line":35,"column":6},"end":{"line":37,"column":8}},"13":{"start":{"line":39,"column":4},"end":{"line":39,"column":56}},"14":{"start":{"line":43,"column":4},"end":{"line":43,"column":27}},"15":{"start":{"line":44,"column":4},"end":{"line":47,"column":7}},"16":{"start":{"line":51,"column":4},"end":{"line":51,"column":27}},"17":{"start":{"line":52,"column":4},"end":{"line":52,"column":57}},"18":{"start":{"line":53,"column":4},"end":{"line":53,"column":16}},"19":{"start":{"line":11,"column":13},"end":{"line":11,"column":28}},"20":{"start":{"line":11,"column":13},"end":{"line":55,"column":null}}},"fnMap":{"0":{"name":"(anonymous_2)","decl":{"start":{"line":12,"column":2},"end":{"line":12,"column":31}},"loc":{"start":{"line":12,"column":52},"end":{"line":12,"column":56}}},"1":{"name":"(anonymous_3)","decl":{"start":{"line":14,"column":2},"end":{"line":14,"column":7}},"loc":{"start":{"line":14,"column":35},"end":{"line":20,"column":3}}},"2":{"name":"(anonymous_4)","decl":{"start":{"line":22,"column":2},"end":{"line":22,"column":7}},"loc":{"start":{"line":22,"column":26},"end":{"line":28,"column":3}}},"3":{"name":"(anonymous_5)","decl":{"start":{"line":30,"column":2},"end":{"line":30,"column":7}},"loc":{"start":{"line":30,"column":41},"end":{"line":40,"column":3}}},"4":{"name":"(anonymous_6)","decl":{"start":{"line":42,"column":2},"end":{"line":42,"column":7}},"loc":{"start":{"line":42,"column":53},"end":{"line":48,"column":3}}},"5":{"name":"(anonymous_7)","decl":{"start":{"line":50,"column":2},"end":{"line":50,"column":7}},"loc":{"start":{"line":50,"column":25},"end":{"line":54,"column":3}}}},"branchMap":{"0":{"loc":{"start":{"line":14,"column":16},"end":{"line":14,"column":24}},"type":"default-arg","locations":[{"start":{"line":14,"column":23},"end":{"line":14,"column":24}}]},"1":{"loc":{"start":{"line":14,"column":26},"end":{"line":14,"column":35}},"type":"default-arg","locations":[{"start":{"line":14,"column":33},"end":{"line":14,"column":35}}]},"2":{"loc":{"start":{"line":26,"column":4},"end":{"line":26,"column":75}},"type":"if","locations":[{"start":{"line":26,"column":4},"end":{"line":26,"column":75}}]},"3":{"loc":{"start":{"line":34,"column":4},"end":{"line":38,"column":5}},"type":"if","locations":[{"start":{"line":34,"column":4},"end":{"line":38,"column":5}}]}},"s":{"0":2,"1":2,"2":2,"3":10,"4":2,"5":2,"6":6,"7":6,"8":3,"9":3,"10":2,"11":2,"12":1,"13":1,"14":2,"15":1,"16":2,"17":1,"18":1,"19":2,"20":2},"f":{"0":10,"1":2,"2":6,"3":2,"4":2,"5":2},"b":{"0":[1],"1":[1],"2":[3],"3":[1]}}
,"/Users/muhammadchaerulhafiz/Documents/healthcare-scheduling-system/apps/schedule-service/src/customers/dto/create-customer.input.ts": {"path":"/Users/muhammadchaerulhafiz/Documents/healthcare-scheduling-system/apps/schedule-service/src/customers/dto/create-customer.input.ts","statementMap":{"0":{"start":{"line":1,"column":0},"end":{"line":1,"column":51}},"1":{"start":{"line":4,"column":7},"end":{"line":13,"column":null}},"2":{"start":{"line":4,"column":13},"end":{"line":4,"column":32}},"3":{"start":{"line":6,"column":2},"end":{"line":6,"column":null}},"4":{"start":{"line":9,"column":2},"end":{"line":9,"column":null}},"5":{"start":{"line":12,"column":2},"end":{"line":12,"column":null}},"6":{"start":{"line":4,"column":13},"end":{"line":13,"column":null}}},"fnMap":{},"branchMap":{},"s":{"0":1,"1":1,"2":1,"3":1,"4":1,"5":1,"6":1},"f":{},"b":{}}
,"/Users/muhammadchaerulhafiz/Documents/healthcare-scheduling-system/apps/schedule-service/src/customers/dto/customer.type.ts": {"path":"/Users/muhammadchaerulhafiz/Documents/healthcare-scheduling-system/apps/schedule-service/src/customers/dto/customer.type.ts","statementMap":{"0":{"start":{"line":1,"column":0},"end":{"line":1,"column":56}},"1":{"start":{"line":4,"column":7},"end":{"line":22,"column":null}},"2":{"start":{"line":4,"column":13},"end":{"line":4,"column":21}},"3":{"start":{"line":6,"column":2},"end":{"line":6,"column":null}},"4":{"start":{"line":5,"column":15},"end":{"line":5,"column":17}},"5":{"start":{"line":9,"column":2},"end":{"line":9,"column":null}},"6":{"start":{"line":12,"column":2},"end":{"line":12,"column":null}},"7":{"start":{"line":15,"column":2},"end":{"line":15,"column":null}},"8":{"start":{"line":18,"column":2},"end":{"line":18,"column":null}},"9":{"start":{"line":21,"column":2},"end":{"line":21,"column":null}},"10":{"start":{"line":4,"column":13},"end":{"line":22,"column":null}}},"fnMap":{"0":{"name":"(anonymous_2)","decl":{"start":{"line":5,"column":9},"end":{"line":5,"column":12}},"loc":{"start":{"line":5,"column":15},"end":{"line":5,"column":17}}}},"branchMap":{},"s":{"0":2,"1":2,"2":2,"3":2,"4":0,"5":2,"6":2,"7":2,"8":2,"9":2,"10":2},"f":{"0":0},"b":{}}
,"/Users/muhammadchaerulhafiz/Documents/healthcare-scheduling-system/apps/schedule-service/src/customers/dto/update-customer.input.ts": {"path":"/Users/muhammadchaerulhafiz/Documents/healthcare-scheduling-system/apps/schedule-service/src/customers/dto/update-customer.input.ts","statementMap":{"0":{"start":{"line":1,"column":0},"end":{"line":1,"column":51}},"1":{"start":{"line":4,"column":7},"end":{"line":13,"column":null}},"2":{"start":{"line":4,"column":13},"end":{"line":4,"column":32}},"3":{"start":{"line":6,"column":2},"end":{"line":6,"column":null}},"4":{"start":{"line":9,"column":2},"end":{"line":9,"column":null}},"5":{"start":{"line":12,"column":2},"end":{"line":12,"column":null}},"6":{"start":{"line":4,"column":13},"end":{"line":13,"column":null}}},"fnMap":{},"branchMap":{},"s":{"0":1,"1":1,"2":1,"3":1,"4":1,"5":1,"6":1},"f":{},"b":{}}
,"/Users/muhammadchaerulhafiz/Documents/healthcare-scheduling-system/apps/schedule-service/src/doctors/doctor.model.ts": {"path":"/Users/muhammadchaerulhafiz/Documents/healthcare-scheduling-system/apps/schedule-service/src/doctors/doctor.model.ts","statementMap":{"0":{"start":{"line":1,"column":0},"end":{"line":1,"column":40}},"1":{"start":{"line":2,"column":0},"end":{"line":2,"column":49}},"2":{"start":{"line":3,"column":0},"end":{"line":3,"column":51}},"3":{"start":{"line":4,"column":0},"end":{"line":4,"column":49}},"4":{"start":{"line":11,"column":7},"end":{"line":11,"column":null}},"5":{"start":{"line":11,"column":13},"end":{"line":11,"column":26}},"6":{"start":{"line":11,"column":13},"end":{"line":11,"column":null}}},"fnMap":{},"branchMap":{},"s":{"0":0,"1":0,"2":0,"3":0,"4":0,"5":0,"6":0},"f":{},"b":{}}
,"/Users/muhammadchaerulhafiz/Documents/healthcare-scheduling-system/apps/schedule-service/src/doctors/doctor.resolver.ts": {"path":"/Users/muhammadchaerulhafiz/Documents/healthcare-scheduling-system/apps/schedule-service/src/doctors/doctor.resolver.ts","statementMap":{"0":{"start":{"line":1,"column":0},"end":{"line":1,"column":70}},"1":{"start":{"line":2,"column":0},"end":{"line":2,"column":49}},"2":{"start":{"line":3,"column":0},"end":{"line":3,"column":43}},"3":{"start":{"line":4,"column":0},"end":{"line":4,"column":62}},"4":{"start":{"line":5,"column":0},"end":{"line":5,"column":62}},"5":{"start":{"line":6,"column":0},"end":{"line":6,"column":70}},"6":{"start":{"line":7,"column":0},"end":{"line":7,"column":43}},"7":{"start":{"line":8,"column":0},"end":{"line":8,"column":65}},"8":{"start":{"line":9,"column":0},"end":{"line":9,"column":72}},"9":{"start":{"line":13,"column":7},"end":{"line":47,"column":null}},"10":{"start":{"line":14,"column":31},"end":{"line":14,"column":46}},"11":{"start":{"line":20,"column":4},"end":{"line":20,"column":74}},"12":{"start":{"line":25,"column":4},"end":{"line":25,"column":42}},"13":{"start":{"line":30,"column":4},"end":{"line":30,"column":44}},"14":{"start":{"line":38,"column":4},"end":{"line":38,"column":48}},"15":{"start":{"line":45,"column":4},"end":{"line":45,"column":41}},"16":{"start":{"line":13,"column":13},"end":{"line":13,"column":27}},"17":{"start":{"line":17,"column":8},"end":{"line":21,"column":null}},"18":{"start":{"line":16,"column":15},"end":{"line":16,"column":31}},"19":{"start":{"line":24,"column":8},"end":{"line":26,"column":null}},"20":{"start":{"line":23,"column":15},"end":{"line":23,"column":21}},"21":{"start":{"line":24,"column":41},"end":{"line":24,"column":43}},"22":{"start":{"line":29,"column":8},"end":{"line":31,"column":null}},"23":{"start":{"line":28,"column":18},"end":{"line":28,"column":24}},"24":{"start":{"line":34,"column":8},"end":{"line":39,"column":null}},"25":{"start":{"line":33,"column":18},"end":{"line":33,"column":24}},"26":{"start":{"line":35,"column":30},"end":{"line":35,"column":32}},"27":{"start":{"line":42,"column":8},"end":{"line":46,"column":null}},"28":{"start":{"line":41,"column":18},"end":{"line":41,"column":25}},"29":{"start":{"line":43,"column":30},"end":{"line":43,"column":32}},"30":{"start":{"line":13,"column":13},"end":{"line":47,"column":null}},"31":{"start":{"line":11,"column":16},"end":{"line":11,"column":22}}},"fnMap":{"0":{"name":"(anonymous_4)","decl":{"start":{"line":14,"column":2},"end":{"line":14,"column":31}},"loc":{"start":{"line":14,"column":59},"end":{"line":14,"column":63}}},"1":{"name":"(anonymous_5)","decl":{"start":{"line":17,"column":2},"end":{"line":17,"column":7}},"loc":{"start":{"line":18,"column":72},"end":{"line":21,"column":3}}},"2":{"name":"(anonymous_6)","decl":{"start":{"line":24,"column":2},"end":{"line":24,"column":7}},"loc":{"start":{"line":24,"column":57},"end":{"line":26,"column":3}}},"3":{"name":"(anonymous_7)","decl":{"start":{"line":29,"column":2},"end":{"line":29,"column":7}},"loc":{"start":{"line":29,"column":60},"end":{"line":31,"column":3}}},"4":{"name":"(anonymous_8)","decl":{"start":{"line":34,"column":2},"end":{"line":34,"column":7}},"loc":{"start":{"line":36,"column":43},"end":{"line":39,"column":3}}},"5":{"name":"(anonymous_9)","decl":{"start":{"line":42,"column":2},"end":{"line":42,"column":7}},"loc":{"start":{"line":43,"column":46},"end":{"line":46,"column":3}}},"6":{"name":"(anonymous_10)","decl":{"start":{"line":16,"column":9},"end":{"line":16,"column":12}},"loc":{"start":{"line":16,"column":15},"end":{"line":16,"column":31}}},"7":{"name":"(anonymous_11)","decl":{"start":{"line":23,"column":9},"end":{"line":23,"column":12}},"loc":{"start":{"line":23,"column":15},"end":{"line":23,"column":21}}},"8":{"name":"(anonymous_12)","decl":{"start":{"line":24,"column":35},"end":{"line":24,"column":38}},"loc":{"start":{"line":24,"column":41},"end":{"line":24,"column":43}}},"9":{"name":"(anonymous_13)","decl":{"start":{"line":28,"column":12},"end":{"line":28,"column":15}},"loc":{"start":{"line":28,"column":18},"end":{"line":28,"column":24}}},"10":{"name":"(anonymous_14)","decl":{"start":{"line":33,"column":12},"end":{"line":33,"column":15}},"loc":{"start":{"line":33,"column":18},"end":{"line":33,"column":24}}},"11":{"name":"(anonymous_15)","decl":{"start":{"line":35,"column":24},"end":{"line":35,"column":27}},"loc":{"start":{"line":35,"column":30},"end":{"line":35,"column":32}}},"12":{"name":"(anonymous_16)","decl":{"start":{"line":41,"column":12},"end":{"line":41,"column":15}},"loc":{"start":{"line":41,"column":18},"end":{"line":41,"column":25}}},"13":{"name":"(anonymous_17)","decl":{"start":{"line":43,"column":24},"end":{"line":43,"column":27}},"loc":{"start":{"line":43,"column":30},"end":{"line":43,"column":32}}},"14":{"name":"(anonymous_18)","decl":{"start":{"line":11,"column":10},"end":{"line":11,"column":13}},"loc":{"start":{"line":11,"column":16},"end":{"line":11,"column":22}}}},"branchMap":{},"s":{"0":1,"1":1,"2":1,"3":1,"4":1,"5":1,"6":1,"7":1,"8":1,"9":1,"10":6,"11":2,"12":1,"13":1,"14":1,"15":1,"16":1,"17":1,"18":0,"19":1,"20":0,"21":0,"22":1,"23":0,"24":1,"25":0,"26":0,"27":1,"28":0,"29":0,"30":1,"31":2},"f":{"0":6,"1":2,"2":1,"3":1,"4":1,"5":1,"6":0,"7":0,"8":0,"9":0,"10":0,"11":0,"12":0,"13":0,"14":2},"b":{}}
,"/Users/muhammadchaerulhafiz/Documents/healthcare-scheduling-system/apps/schedule-service/src/doctors/doctor.service.ts": {"path":"/Users/muhammadchaerulhafiz/Documents/healthcare-scheduling-system/apps/schedule-service/src/doctors/doctor.service.ts","statementMap":{"0":{"start":{"line":1,"column":0},"end":{"line":1,"column":null}},"1":{"start":{"line":6,"column":0},"end":{"line":6,"column":57}},"2":{"start":{"line":11,"column":7},"end":{"line":57,"column":null}},"3":{"start":{"line":12,"column":31},"end":{"line":12,"column":46}},"4":{"start":{"line":15,"column":26},"end":{"line":18,"column":6}},"5":{"start":{"line":19,"column":4},"end":{"line":19,"column":27}},"6":{"start":{"line":23,"column":19},"end":{"line":25,"column":6}},"7":{"start":{"line":26,"column":4},"end":{"line":26,"column":71}},"8":{"start":{"line":26,"column":17},"end":{"line":26,"column":71}},"9":{"start":{"line":27,"column":4},"end":{"line":27,"column":18}},"10":{"start":{"line":31,"column":21},"end":{"line":33,"column":6}},"11":{"start":{"line":34,"column":4},"end":{"line":38,"column":5}},"12":{"start":{"line":35,"column":6},"end":{"line":37,"column":8}},"13":{"start":{"line":39,"column":4},"end":{"line":41,"column":7}},"14":{"start":{"line":45,"column":4},"end":{"line":45,"column":27}},"15":{"start":{"line":46,"column":4},"end":{"line":49,"column":7}},"16":{"start":{"line":53,"column":4},"end":{"line":53,"column":27}},"17":{"start":{"line":54,"column":4},"end":{"line":54,"column":62}},"18":{"start":{"line":55,"column":4},"end":{"line":55,"column":16}},"19":{"start":{"line":11,"column":13},"end":{"line":11,"column":26}},"20":{"start":{"line":11,"column":13},"end":{"line":57,"column":null}}},"fnMap":{"0":{"name":"(anonymous_2)","decl":{"start":{"line":12,"column":2},"end":{"line":12,"column":31}},"loc":{"start":{"line":12,"column":59},"end":{"line":12,"column":63}}},"1":{"name":"(anonymous_3)","decl":{"start":{"line":14,"column":2},"end":{"line":14,"column":7}},"loc":{"start":{"line":14,"column":35},"end":{"line":20,"column":3}}},"2":{"name":"(anonymous_4)","decl":{"start":{"line":22,"column":2},"end":{"line":22,"column":7}},"loc":{"start":{"line":22,"column":26},"end":{"line":28,"column":3}}},"3":{"name":"(anonymous_5)","decl":{"start":{"line":30,"column":2},"end":{"line":30,"column":7}},"loc":{"start":{"line":30,"column":39},"end":{"line":42,"column":3}}},"4":{"name":"(anonymous_6)","decl":{"start":{"line":44,"column":2},"end":{"line":44,"column":7}},"loc":{"start":{"line":44,"column":51},"end":{"line":50,"column":3}}},"5":{"name":"(anonymous_7)","decl":{"start":{"line":52,"column":2},"end":{"line":52,"column":7}},"loc":{"start":{"line":52,"column":25},"end":{"line":56,"column":3}}}},"branchMap":{"0":{"loc":{"start":{"line":14,"column":16},"end":{"line":14,"column":24}},"type":"default-arg","locations":[{"start":{"line":14,"column":23},"end":{"line":14,"column":24}}]},"1":{"loc":{"start":{"line":14,"column":26},"end":{"line":14,"column":35}},"type":"default-arg","locations":[{"start":{"line":14,"column":33},"end":{"line":14,"column":35}}]},"2":{"loc":{"start":{"line":26,"column":4},"end":{"line":26,"column":71}},"type":"if","locations":[{"start":{"line":26,"column":4},"end":{"line":26,"column":71}}]},"3":{"loc":{"start":{"line":34,"column":4},"end":{"line":38,"column":5}},"type":"if","locations":[{"start":{"line":34,"column":4},"end":{"line":38,"column":5}}]}},"s":{"0":2,"1":2,"2":2,"3":10,"4":2,"5":2,"6":6,"7":6,"8":3,"9":3,"10":2,"11":2,"12":1,"13":1,"14":2,"15":1,"16":2,"17":1,"18":1,"19":2,"20":2},"f":{"0":10,"1":2,"2":6,"3":2,"4":2,"5":2},"b":{"0":[1],"1":[1],"2":[3],"3":[1]}}
,"/Users/muhammadchaerulhafiz/Documents/healthcare-scheduling-system/apps/schedule-service/src/doctors/dto/create-doctor.input.ts": {"path":"/Users/muhammadchaerulhafiz/Documents/healthcare-scheduling-system/apps/schedule-service/src/doctors/dto/create-doctor.input.ts","statementMap":{"0":{"start":{"line":1,"column":0},"end":{"line":1,"column":51}},"1":{"start":{"line":4,"column":7},"end":{"line":10,"column":null}},"2":{"start":{"line":4,"column":13},"end":{"line":4,"column":30}},"3":{"start":{"line":6,"column":2},"end":{"line":6,"column":null}},"4":{"start":{"line":9,"column":2},"end":{"line":9,"column":null}},"5":{"start":{"line":4,"column":13},"end":{"line":10,"column":null}}},"fnMap":{},"branchMap":{},"s":{"0":1,"1":1,"2":1,"3":1,"4":1,"5":1},"f":{},"b":{}}
,"/Users/muhammadchaerulhafiz/Documents/healthcare-scheduling-system/apps/schedule-service/src/doctors/dto/doctor.type.ts": {"path":"/Users/muhammadchaerulhafiz/Documents/healthcare-scheduling-system/apps/schedule-service/src/doctors/dto/doctor.type.ts","statementMap":{"0":{"start":{"line":1,"column":0},"end":{"line":1,"column":56}},"1":{"start":{"line":4,"column":7},"end":{"line":19,"column":null}},"2":{"start":{"line":4,"column":13},"end":{"line":4,"column":19}},"3":{"start":{"line":6,"column":2},"end":{"line":6,"column":null}},"4":{"start":{"line":5,"column":15},"end":{"line":5,"column":17}},"5":{"start":{"line":9,"column":2},"end":{"line":9,"column":null}},"6":{"start":{"line":12,"column":2},"end":{"line":12,"column":null}},"7":{"start":{"line":15,"column":2},"end":{"line":15,"column":null}},"8":{"start":{"line":18,"column":2},"end":{"line":18,"column":null}},"9":{"start":{"line":4,"column":13},"end":{"line":19,"column":null}}},"fnMap":{"0":{"name":"(anonymous_2)","decl":{"start":{"line":5,"column":9},"end":{"line":5,"column":12}},"loc":{"start":{"line":5,"column":15},"end":{"line":5,"column":17}}}},"branchMap":{},"s":{"0":2,"1":2,"2":2,"3":2,"4":0,"5":2,"6":2,"7":2,"8":2,"9":2},"f":{"0":0},"b":{}}
,"/Users/muhammadchaerulhafiz/Documents/healthcare-scheduling-system/apps/schedule-service/src/doctors/dto/update-doctor.input.ts": {"path":"/Users/muhammadchaerulhafiz/Documents/healthcare-scheduling-system/apps/schedule-service/src/doctors/dto/update-doctor.input.ts","statementMap":{"0":{"start":{"line":1,"column":0},"end":{"line":1,"column":51}},"1":{"start":{"line":4,"column":7},"end":{"line":10,"column":null}},"2":{"start":{"line":4,"column":13},"end":{"line":4,"column":30}},"3":{"start":{"line":6,"column":2},"end":{"line":6,"column":null}},"4":{"start":{"line":9,"column":2},"end":{"line":9,"column":null}},"5":{"start":{"line":4,"column":13},"end":{"line":10,"column":null}}},"fnMap":{},"branchMap":{},"s":{"0":1,"1":1,"2":1,"3":1,"4":1,"5":1},"f":{},"b":{}}
,"/Users/muhammadchaerulhafiz/Documents/healthcare-scheduling-system/apps/schedule-service/src/prisma/prisma.module.ts": {"path":"/Users/muhammadchaerulhafiz/Documents/healthcare-scheduling-system/apps/schedule-service/src/prisma/prisma.module.ts","statementMap":{"0":{"start":{"line":1,"column":0},"end":{"line":1,"column":48}},"1":{"start":{"line":2,"column":0},"end":{"line":2,"column":49}},"2":{"start":{"line":9,"column":7},"end":{"line":9,"column":null}},"3":{"start":{"line":9,"column":13},"end":{"line":9,"column":25}},"4":{"start":{"line":9,"column":13},"end":{"line":9,"column":null}}},"fnMap":{},"branchMap":{},"s":{"0":0,"1":0,"2":0,"3":0,"4":0},"f":{},"b":{}}
,"/Users/muhammadchaerulhafiz/Documents/healthcare-scheduling-system/apps/schedule-service/src/prisma/prisma.service.ts": {"path":"/Users/muhammadchaerulhafiz/Documents/healthcare-scheduling-system/apps/schedule-service/src/prisma/prisma.service.ts","statementMap":{"0":{"start":{"line":1,"column":0},"end":{"line":1,"column":58}},"1":{"start":{"line":2,"column":0},"end":{"line":2,"column":55}},"2":{"start":{"line":5,"column":7},"end":{"line":9,"column":null}},"3":{"start":{"line":7,"column":4},"end":{"line":7,"column":26}},"4":{"start":{"line":5,"column":13},"end":{"line":5,"column":26}},"5":{"start":{"line":5,"column":13},"end":{"line":9,"column":null}}},"fnMap":{"0":{"name":"(anonymous_1)","decl":{"start":{"line":6,"column":2},"end":{"line":6,"column":7}},"loc":{"start":{"line":6,"column":20},"end":{"line":8,"column":3}}}},"branchMap":{},"s":{"0":6,"1":6,"2":6,"3":0,"4":6,"5":6},"f":{"0":0},"b":{}}
,"/Users/muhammadchaerulhafiz/Documents/healthcare-scheduling-system/apps/schedule-service/src/schedules/schedule.module.ts": {"path":"/Users/muhammadchaerulhafiz/Documents/healthcare-scheduling-system/apps/schedule-service/src/schedules/schedule.module.ts","statementMap":{"0":{"start":{"line":1,"column":0},"end":{"line":1,"column":40}},"1":{"start":{"line":2,"column":0},"end":{"line":2,"column":56}},"2":{"start":{"line":3,"column":0},"end":{"line":3,"column":53}},"3":{"start":{"line":4,"column":0},"end":{"line":4,"column":49}},"4":{"start":{"line":10,"column":7},"end":{"line":10,"column":null}},"5":{"start":{"line":10,"column":13},"end":{"line":10,"column":28}},"6":{"start":{"line":10,"column":13},"end":{"line":10,"column":null}}},"fnMap":{},"branchMap":{},"s":{"0":0,"1":0,"2":0,"3":0,"4":0,"5":0,"6":0},"f":{},"b":{}}
,"/Users/muhammadchaerulhafiz/Documents/healthcare-scheduling-system/apps/schedule-service/src/schedules/schedule.resolver.ts": {"path":"/Users/muhammadchaerulhafiz/Documents/healthcare-scheduling-system/apps/schedule-service/src/schedules/schedule.resolver.ts","statementMap":{"0":{"start":{"line":1,"column":0},"end":{"line":1,"column":70}},"1":{"start":{"line":2,"column":0},"end":{"line":2,"column":43}},"2":{"start":{"line":3,"column":0},"end":{"line":3,"column":47}},"3":{"start":{"line":4,"column":0},"end":{"line":4,"column":66}},"4":{"start":{"line":5,"column":0},"end":{"line":5,"column":47}},"5":{"start":{"line":6,"column":0},"end":{"line":6,"column":53}},"6":{"start":{"line":7,"column":0},"end":{"line":7,"column":65}},"7":{"start":{"line":8,"column":0},"end":{"line":8,"column":76}},"8":{"start":{"line":9,"column":0},"end":{"line":9,"column":66}},"9":{"start":{"line":13,"column":7},"end":{"line":44,"column":null}},"10":{"start":{"line":14,"column":31},"end":{"line":14,"column":49}},"11":{"start":{"line":21,"column":4},"end":{"line":21,"column":85}},"12":{"start":{"line":28,"column":4},"end":{"line":28,"column":45}},"13":{"start":{"line":35,"column":4},"end":{"line":35,"column":47}},"14":{"start":{"line":42,"column":4},"end":{"line":42,"column":44}},"15":{"start":{"line":13,"column":13},"end":{"line":13,"column":30}},"16":{"start":{"line":17,"column":8},"end":{"line":22,"column":null}},"17":{"start":{"line":16,"column":15},"end":{"line":16,"column":33}},"18":{"start":{"line":25,"column":8},"end":{"line":29,"column":null}},"19":{"start":{"line":24,"column":15},"end":{"line":24,"column":23}},"20":{"start":{"line":26,"column":30},"end":{"line":26,"column":32}},"21":{"start":{"line":32,"column":8},"end":{"line":36,"column":null}},"22":{"start":{"line":31,"column":18},"end":{"line":31,"column":26}},"23":{"start":{"line":39,"column":8},"end":{"line":43,"column":null}},"24":{"start":{"line":38,"column":18},"end":{"line":38,"column":25}},"25":{"start":{"line":40,"column":30},"end":{"line":40,"column":32}},"26":{"start":{"line":13,"column":13},"end":{"line":44,"column":null}},"27":{"start":{"line":11,"column":16},"end":{"line":11,"column":24}}},"fnMap":{"0":{"name":"(anonymous_4)","decl":{"start":{"line":14,"column":2},"end":{"line":14,"column":31}},"loc":{"start":{"line":14,"column":64},"end":{"line":14,"column":68}}},"1":{"name":"(anonymous_5)","decl":{"start":{"line":17,"column":2},"end":{"line":17,"column":7}},"loc":{"start":{"line":19,"column":68},"end":{"line":22,"column":3}}},"2":{"name":"(anonymous_6)","decl":{"start":{"line":25,"column":2},"end":{"line":25,"column":7}},"loc":{"start":{"line":26,"column":46},"end":{"line":29,"column":3}}},"3":{"name":"(anonymous_7)","decl":{"start":{"line":32,"column":2},"end":{"line":32,"column":7}},"loc":{"start":{"line":33,"column":45},"end":{"line":36,"column":3}}},"4":{"name":"(anonymous_8)","decl":{"start":{"line":39,"column":2},"end":{"line":39,"column":7}},"loc":{"start":{"line":40,"column":46},"end":{"line":43,"column":3}}},"5":{"name":"(anonymous_9)","decl":{"start":{"line":16,"column":9},"end":{"line":16,"column":12}},"loc":{"start":{"line":16,"column":15},"end":{"line":16,"column":33}}},"6":{"name":"(anonymous_10)","decl":{"start":{"line":24,"column":9},"end":{"line":24,"column":12}},"loc":{"start":{"line":24,"column":15},"end":{"line":24,"column":23}}},"7":{"name":"(anonymous_11)","decl":{"start":{"line":26,"column":24},"end":{"line":26,"column":27}},"loc":{"start":{"line":26,"column":30},"end":{"line":26,"column":32}}},"8":{"name":"(anonymous_12)","decl":{"start":{"line":31,"column":12},"end":{"line":31,"column":15}},"loc":{"start":{"line":31,"column":18},"end":{"line":31,"column":26}}},"9":{"name":"(anonymous_13)","decl":{"start":{"line":38,"column":12},"end":{"line":38,"column":15}},"loc":{"start":{"line":38,"column":18},"end":{"line":38,"column":25}}},"10":{"name":"(anonymous_14)","decl":{"start":{"line":40,"column":24},"end":{"line":40,"column":27}},"loc":{"start":{"line":40,"column":30},"end":{"line":40,"column":32}}},"11":{"name":"(anonymous_15)","decl":{"start":{"line":11,"column":10},"end":{"line":11,"column":13}},"loc":{"start":{"line":11,"column":16},"end":{"line":11,"column":24}}}},"branchMap":{},"s":{"0":1,"1":1,"2":1,"3":1,"4":1,"5":1,"6":1,"7":1,"8":1,"9":1,"10":6,"11":3,"12":1,"13":1,"14":1,"15":1,"16":1,"17":0,"18":1,"19":0,"20":0,"21":1,"22":0,"23":1,"24":0,"25":0,"26":1,"27":2},"f":{"0":6,"1":3,"2":1,"3":1,"4":1,"5":0,"6":0,"7":0,"8":0,"9":0,"10":0,"11":2},"b":{}}
,"/Users/muhammadchaerulhafiz/Documents/healthcare-scheduling-system/apps/schedule-service/src/schedules/schedule.service.ts": {"path":"/Users/muhammadchaerulhafiz/Documents/healthcare-scheduling-system/apps/schedule-service/src/schedules/schedule.service.ts","statementMap":{"0":{"start":{"line":1,"column":0},"end":{"line":1,"column":null}},"1":{"start":{"line":7,"column":0},"end":{"line":7,"column":57}},"2":{"start":{"line":11,"column":7},"end":{"line":88,"column":null}},"3":{"start":{"line":12,"column":31},"end":{"line":12,"column":46}},"4":{"start":{"line":15,"column":23},"end":{"line":15,"column":25}},"5":{"start":{"line":16,"column":4},"end":{"line":16,"column":59}},"6":{"start":{"line":16,"column":26},"end":{"line":16,"column":59}},"7":{"start":{"line":17,"column":4},"end":{"line":17,"column":65}},"8":{"start":{"line":17,"column":28},"end":{"line":17,"column":65}},"9":{"start":{"line":18,"column":4},"end":{"line":18,"column":68}},"10":{"start":{"line":18,"column":29},"end":{"line":18,"column":68}},"11":{"start":{"line":20,"column":26},"end":{"line":29,"column":6}},"12":{"start":{"line":30,"column":4},"end":{"line":30,"column":27}},"13":{"start":{"line":34,"column":21},"end":{"line":40,"column":6}},"14":{"start":{"line":42,"column":4},"end":{"line":42,"column":75}},"15":{"start":{"line":42,"column":19},"end":{"line":42,"column":75}},"16":{"start":{"line":43,"column":4},"end":{"line":43,"column":20}},"17":{"start":{"line":47,"column":21},"end":{"line":49,"column":6}},"18":{"start":{"line":50,"column":4},"end":{"line":51,"column":76}},"19":{"start":{"line":51,"column":6},"end":{"line":51,"column":76}},"20":{"start":{"line":53,"column":19},"end":{"line":55,"column":6}},"21":{"start":{"line":56,"column":4},"end":{"line":57,"column":72}},"22":{"start":{"line":57,"column":6},"end":{"line":57,"column":72}},"23":{"start":{"line":59,"column":21},"end":{"line":64,"column":6}},"24":{"start":{"line":66,"column":4},"end":{"line":70,"column":5}},"25":{"start":{"line":67,"column":6},"end":{"line":69,"column":8}},"26":{"start":{"line":72,"column":4},"end":{"line":80,"column":7}},"27":{"start":{"line":84,"column":4},"end":{"line":84,"column":27}},"28":{"start":{"line":85,"column":4},"end":{"line":85,"column":64}},"29":{"start":{"line":86,"column":4},"end":{"line":86,"column":16}},"30":{"start":{"line":11,"column":13},"end":{"line":11,"column":28}},"31":{"start":{"line":11,"column":13},"end":{"line":88,"column":null}}},"fnMap":{"0":{"name":"(anonymous_2)","decl":{"start":{"line":12,"column":2},"end":{"line":12,"column":31}},"loc":{"start":{"line":12,"column":59},"end":{"line":12,"column":63}}},"1":{"name":"(anonymous_3)","decl":{"start":{"line":14,"column":2},"end":{"line":14,"column":7}},"loc":{"start":{"line":14,"column":108},"end":{"line":31,"column":3}}},"2":{"name":"(anonymous_4)","decl":{"start":{"line":33,"column":2},"end":{"line":33,"column":7}},"loc":{"start":{"line":33,"column":26},"end":{"line":44,"column":3}}},"3":{"name":"(anonymous_5)","decl":{"start":{"line":46,"column":2},"end":{"line":46,"column":7}},"loc":{"start":{"line":46,"column":41},"end":{"line":81,"column":3}}},"4":{"name":"(anonymous_6)","decl":{"start":{"line":83,"column":2},"end":{"line":83,"column":7}},"loc":{"start":{"line":83,"column":25},"end":{"line":87,"column":3}}}},"branchMap":{"0":{"loc":{"start":{"line":14,"column":16},"end":{"line":14,"column":24}},"type":"default-arg","locations":[{"start":{"line":14,"column":23},"end":{"line":14,"column":24}}]},"1":{"loc":{"start":{"line":14,"column":26},"end":{"line":14,"column":35}},"type":"default-arg","locations":[{"start":{"line":14,"column":33},"end":{"line":14,"column":35}}]},"2":{"loc":{"start":{"line":16,"column":4},"end":{"line":16,"column":59}},"type":"if","locations":[{"start":{"line":16,"column":4},"end":{"line":16,"column":59}}]},"3":{"loc":{"start":{"line":17,"column":4},"end":{"line":17,"column":65}},"type":"if","locations":[{"start":{"line":17,"column":4},"end":{"line":17,"column":65}}]},"4":{"loc":{"start":{"line":18,"column":4},"end":{"line":18,"column":68}},"type":"if","locations":[{"start":{"line":18,"column":4},"end":{"line":18,"column":68}}]},"5":{"loc":{"start":{"line":42,"column":4},"end":{"line":42,"column":75}},"type":"if","locations":[{"start":{"line":42,"column":4},"end":{"line":42,"column":75}}]},"6":{"loc":{"start":{"line":50,"column":4},"end":{"line":51,"column":76}},"type":"if","locations":[{"start":{"line":50,"column":4},"end":{"line":51,"column":76}}]},"7":{"loc":{"start":{"line":56,"column":4},"end":{"line":57,"column":72}},"type":"if","locations":[{"start":{"line":56,"column":4},"end":{"line":57,"column":72}}]},"8":{"loc":{"start":{"line":66,"column":4},"end":{"line":70,"column":5}},"type":"if","locations":[{"start":{"line":66,"column":4},"end":{"line":70,"column":5}}]}},"s":{"0":2,"1":2,"2":2,"3":13,"4":5,"5":5,"6":1,"7":5,"8":1,"9":5,"10":1,"11":5,"12":5,"13":4,"14":4,"15":2,"16":2,"17":4,"18":4,"19":1,"20":3,"21":3,"22":1,"23":2,"24":2,"25":1,"26":1,"27":2,"28":1,"29":1,"30":2,"31":2},"f":{"0":13,"1":5,"2":4,"3":4,"4":2},"b":{"0":[2],"1":[2],"2":[1],"3":[1],"4":[1],"5":[2],"6":[1],"7":[1],"8":[1]}}
,"/Users/muhammadchaerulhafiz/Documents/healthcare-scheduling-system/apps/schedule-service/src/schedules/dto/create-schedule.input.ts": {"path":"/Users/muhammadchaerulhafiz/Documents/healthcare-scheduling-system/apps/schedule-service/src/schedules/dto/create-schedule.input.ts","statementMap":{"0":{"start":{"line":1,"column":0},"end":{"line":1,"column":55}},"1":{"start":{"line":4,"column":7},"end":{"line":16,"column":null}},"2":{"start":{"line":4,"column":13},"end":{"line":4,"column":32}},"3":{"start":{"line":6,"column":2},"end":{"line":6,"column":null}},"4":{"start":{"line":9,"column":2},"end":{"line":9,"column":null}},"5":{"start":{"line":8,"column":15},"end":{"line":8,"column":17}},"6":{"start":{"line":12,"column":2},"end":{"line":12,"column":null}},"7":{"start":{"line":11,"column":15},"end":{"line":11,"column":17}},"8":{"start":{"line":15,"column":2},"end":{"line":15,"column":null}},"9":{"start":{"line":4,"column":13},"end":{"line":16,"column":null}}},"fnMap":{"0":{"name":"(anonymous_2)","decl":{"start":{"line":8,"column":9},"end":{"line":8,"column":12}},"loc":{"start":{"line":8,"column":15},"end":{"line":8,"column":17}}},"1":{"name":"(anonymous_3)","decl":{"start":{"line":11,"column":9},"end":{"line":11,"column":12}},"loc":{"start":{"line":11,"column":15},"end":{"line":11,"column":17}}}},"branchMap":{},"s":{"0":1,"1":1,"2":1,"3":1,"4":1,"5":0,"6":1,"7":0,"8":1,"9":1},"f":{"0":0,"1":0},"b":{}}
,"/Users/muhammadchaerulhafiz/Documents/healthcare-scheduling-system/apps/schedule-service/src/schedules/dto/schedule-filter.input.ts": {"path":"/Users/muhammadchaerulhafiz/Documents/healthcare-scheduling-system/apps/schedule-service/src/schedules/dto/schedule-filter.input.ts","statementMap":{"0":{"start":{"line":1,"column":0},"end":{"line":1,"column":55}},"1":{"start":{"line":4,"column":7},"end":{"line":13,"column":null}},"2":{"start":{"line":4,"column":13},"end":{"line":4,"column":32}},"3":{"start":{"line":6,"column":2},"end":{"line":6,"column":null}},"4":{"start":{"line":5,"column":15},"end":{"line":5,"column":17}},"5":{"start":{"line":9,"column":2},"end":{"line":9,"column":null}},"6":{"start":{"line":8,"column":15},"end":{"line":8,"column":17}},"7":{"start":{"line":12,"column":2},"end":{"line":12,"column":null}},"8":{"start":{"line":4,"column":13},"end":{"line":13,"column":null}}},"fnMap":{"0":{"name":"(anonymous_2)","decl":{"start":{"line":5,"column":9},"end":{"line":5,"column":12}},"loc":{"start":{"line":5,"column":15},"end":{"line":5,"column":17}}},"1":{"name":"(anonymous_3)","decl":{"start":{"line":8,"column":9},"end":{"line":8,"column":12}},"loc":{"start":{"line":8,"column":15},"end":{"line":8,"column":17}}}},"branchMap":{},"s":{"0":1,"1":1,"2":1,"3":1,"4":0,"5":1,"6":0,"7":1,"8":1},"f":{"0":0,"1":0},"b":{}}
,"/Users/muhammadchaerulhafiz/Documents/healthcare-scheduling-system/apps/schedule-service/src/schedules/dto/schedule.type.ts": {"path":"/Users/muhammadchaerulhafiz/Documents/healthcare-scheduling-system/apps/schedule-service/src/schedules/dto/schedule.type.ts","statementMap":{"0":{"start":{"line":1,"column":0},"end":{"line":1,"column":56}},"1":{"start":{"line":2,"column":0},"end":{"line":2,"column":61}},"2":{"start":{"line":3,"column":0},"end":{"line":3,"column":55}},"3":{"start":{"line":6,"column":7},"end":{"line":27,"column":null}},"4":{"start":{"line":6,"column":13},"end":{"line":6,"column":21}},"5":{"start":{"line":8,"column":2},"end":{"line":8,"column":null}},"6":{"start":{"line":7,"column":15},"end":{"line":7,"column":17}},"7":{"start":{"line":11,"column":2},"end":{"line":11,"column":null}},"8":{"start":{"line":14,"column":2},"end":{"line":14,"column":null}},"9":{"start":{"line":17,"column":2},"end":{"line":17,"column":null}},"10":{"start":{"line":16,"column":15},"end":{"line":16,"column":23}},"11":{"start":{"line":20,"column":2},"end":{"line":20,"column":null}},"12":{"start":{"line":19,"column":15},"end":{"line":19,"column":21}},"13":{"start":{"line":23,"column":2},"end":{"line":23,"column":null}},"14":{"start":{"line":26,"column":2},"end":{"line":26,"column":null}},"15":{"start":{"line":6,"column":13},"end":{"line":27,"column":null}}},"fnMap":{"0":{"name":"(anonymous_2)","decl":{"start":{"line":7,"column":9},"end":{"line":7,"column":12}},"loc":{"start":{"line":7,"column":15},"end":{"line":7,"column":17}}},"1":{"name":"(anonymous_3)","decl":{"start":{"line":16,"column":9},"end":{"line":16,"column":12}},"loc":{"start":{"line":16,"column":15},"end":{"line":16,"column":23}}},"2":{"name":"(anonymous_4)","decl":{"start":{"line":19,"column":9},"end":{"line":19,"column":12}},"loc":{"start":{"line":19,"column":15},"end":{"line":19,"column":21}}}},"branchMap":{},"s":{"0":1,"1":1,"2":1,"3":1,"4":1,"5":1,"6":0,"7":1,"8":1,"9":1,"10":0,"11":1,"12":0,"13":1,"14":1,"15":1},"f":{"0":0,"1":0,"2":0},"b":{}}
}
